iMusic/app/build/intermediates/manifest_merge_blame_file/release/manifest-merger-blame-release-report.txt
1<?xml version="1.0" encoding="utf-8"?>
2<manifest xmlns:android="http://schemas.android.com/apk/res/android"
3    package="cn.edu.seu.cose.imusic"
4    android:versionCode="1"
5    android:versionName="1.0" >
6
7    <uses-sdk
8        android:minSdkVersion="25"
8-->src\main\AndroidManifest.xml
9        android:targetSdkVersion="32" />
9-->src\main\AndroidManifest.xml
10    <!-- 以下是频谱所需权限 -->
11    <uses-permission android:name="android.permission.RECORD_AUDIO" />
11-->src\main\AndroidManifest.xml:37:5-71
11-->src\main\AndroidManifest.xml:37:22-68
12    <uses-permission android:name="android.permission.MODIFY_AUDIO_SETTINGS" />
12-->src\main\AndroidManifest.xml:38:5-80
12-->src\main\AndroidManifest.xml:38:22-77
13    <uses-permission android:name="android.permission.INTERNET" />
13-->src\main\AndroidManifest.xml:39:5-67
13-->src\main\AndroidManifest.xml:39:22-64
14    <uses-permission android:name="android.permission.WRITE_EXTERNAL_STORAGE" />
14-->src\main\AndroidManifest.xml:40:5-81
14-->src\main\AndroidManifest.xml:40:22-78
15    <!-- 以下是读取外部存储所需权限 -->
16    <uses-permission android:name="android.permission.READ_EXTERNAL_STORAGE" />
16-->src\main\AndroidManifest.xml:42:5-79
16-->src\main\AndroidManifest.xml:42:22-77
17    <uses-permission android:name="android.permission.MODIFY_AUDIO_SETTINGS" />
17-->src\main\AndroidManifest.xml:38:5-80
17-->src\main\AndroidManifest.xml:38:22-77
18
19    <application
19-->src\main\AndroidManifest.xml:5:5-36:19
20        android:allowBackup="true"
20-->src\main\AndroidManifest.xml:6:9-35
21        android:appComponentFactory="androidx.core.app.CoreComponentFactory"
21-->[androidx.core:core:1.5.0] AndroidManifest.xml:24:18-86
22        android:extractNativeLibs="false"
23        android:icon="@mipmap/tt_icon"
23-->src\main\AndroidManifest.xml:7:9-39
24        android:label="@string/app_name"
24-->src\main\AndroidManifest.xml:8:9-41
25        android:roundIcon="@mipmap/tt_icon"
25-->src\main\AndroidManifest.xml:9:9-44
26        android:supportsRtl="true"
26-->src\main\AndroidManifest.xml:10:9-35
27        android:theme="@style/Theme.IMusic" >
27-->src\main\AndroidManifest.xml:11:9-44
28        <activity
28-->src\main\AndroidManifest.xml:12:9-21:20
29            android:name="cn.edu.seu.cose.imusic.MainActivity"
29-->src\main\AndroidManifest.xml:13:13-41
30            android:exported="true"
30-->src\main\AndroidManifest.xml:14:13-36
31            android:label="@string/app_name" >
31-->src\main\AndroidManifest.xml:15:13-45
32            <intent-filter>
32-->src\main\AndroidManifest.xml:16:13-20:29
33                <action android:name="android.intent.action.MAIN" />
33-->src\main\AndroidManifest.xml:17:17-69
33-->src\main\AndroidManifest.xml:17:25-66
34
35                <category android:name="android.intent.category.LAUNCHER" />
35-->src\main\AndroidManifest.xml:19:17-77
35-->src\main\AndroidManifest.xml:19:27-74
36            </intent-filter>
37        </activity>
38
39        <receiver
39-->src\main\AndroidManifest.xml:23:9-30:20
40            android:name="cn.edu.seu.cose.imusic.receiver.MusicReceiver"
40-->src\main\AndroidManifest.xml:24:13-51
41            android:enabled="true"
41-->src\main\AndroidManifest.xml:25:13-35
42            android:exported="true" >
42-->src\main\AndroidManifest.xml:26:13-36
43            <intent-filter>
43-->src\main\AndroidManifest.xml:27:13-29:29
44                <action android:name="music.Notification_ACTIONS" />
44-->src\main\AndroidManifest.xml:28:17-69
44-->src\main\AndroidManifest.xml:28:25-66
45            </intent-filter>
46        </receiver>
47
48        <service
48-->src\main\AndroidManifest.xml:32:9-35:39
49            android:name="cn.edu.seu.cose.imusic.service.MusicService"
49-->src\main\AndroidManifest.xml:33:13-49
50            android:enabled="true"
50-->src\main\AndroidManifest.xml:34:13-35
51            android:exported="true" />
51-->src\main\AndroidManifest.xml:35:13-36
52    </application>
53
54</manifest>